<?xml version="1.0" encoding="UTF-8"?>
<coverage generated="1669372122525" clover="3.2.0">
  <project timestamp="1669372122525" name="All files">
    <metrics statements="87" coveredstatements="71" conditionals="49" coveredconditionals="41" methods="38" coveredmethods="24" elements="174" coveredelements="136" complexity="0" loc="87" ncloc="87" packages="5" files="5" classes="5"/>
    <package name="express typescript api">
      <metrics statements="3" coveredstatements="3" conditionals="0" coveredconditionals="0" methods="0" coveredmethods="0"/>
      <file name="knexfile.js" path="/Users/nagaapparaopolqamarasetti/Hpel Bootcamp Projects/Backend Practice/express typescript api/knexfile.js">
        <metrics statements="3" coveredstatements="3" conditionals="0" coveredconditionals="0" methods="0" coveredmethods="0"/>
        <line num="6" count="1" type="stmt"/>
        <line num="7" count="1" type="stmt"/>
        <line num="8" count="1" type="stmt"/>
      </file>
    </package>
    <package name="express typescript api.src">
      <metrics statements="25" coveredstatements="21" conditionals="18" coveredconditionals="15" methods="11" coveredmethods="6"/>
      <file name="index.js" path="/Users/nagaapparaopolqamarasetti/Hpel Bootcamp Projects/Backend Practice/express typescript api/src/index.js">
        <metrics statements="25" coveredstatements="21" conditionals="18" coveredconditionals="15" methods="11" coveredmethods="6"/>
        <line num="2" count="1" type="cond" truecount="3" falsecount="0"/>
        <line num="3" count="0" type="cond" truecount="0" falsecount="2"/>
        <line num="4" count="1" type="cond" truecount="2" falsecount="0"/>
        <line num="5" count="0" type="stmt"/>
        <line num="6" count="0" type="stmt"/>
        <line num="7" count="1" type="cond" truecount="1" falsecount="1"/>
        <line num="8" count="1" type="cond" truecount="2" falsecount="0"/>
        <line num="11" count="1" type="cond" truecount="3" falsecount="0"/>
        <line num="12" count="3" type="cond" truecount="4" falsecount="0"/>
        <line num="14" count="1" type="stmt"/>
        <line num="15" count="1" type="stmt"/>
        <line num="16" count="1" type="stmt"/>
        <line num="17" count="1" type="stmt"/>
        <line num="18" count="1" type="stmt"/>
        <line num="19" count="1" type="stmt"/>
        <line num="21" count="1" type="stmt"/>
        <line num="22" count="1" type="stmt"/>
        <line num="23" count="1" type="stmt"/>
        <line num="24" count="1" type="stmt"/>
        <line num="25" count="1" type="stmt"/>
        <line num="26" count="1" type="stmt"/>
        <line num="27" count="0" type="stmt"/>
        <line num="29" count="1" type="stmt"/>
        <line num="30" count="1" type="stmt"/>
        <line num="32" count="1" type="stmt"/>
      </file>
    </package>
    <package name="express typescript api.src.config">
      <metrics statements="3" coveredstatements="3" conditionals="2" coveredconditionals="1" methods="0" coveredmethods="0"/>
      <file name="connection.js" path="/Users/nagaapparaopolqamarasetti/Hpel Bootcamp Projects/Backend Practice/express typescript api/src/config/connection.js">
        <metrics statements="3" coveredstatements="3" conditionals="2" coveredconditionals="1" methods="0" coveredmethods="0"/>
        <line num="2" count="1" type="cond" truecount="1" falsecount="1"/>
        <line num="3" count="1" type="stmt"/>
        <line num="4" count="1" type="stmt"/>
      </file>
    </package>
    <package name="express typescript api.src.controllers">
      <metrics statements="21" coveredstatements="9" conditionals="11" coveredconditionals="8" methods="13" coveredmethods="5"/>
      <file name="userControllers.js" path="/Users/nagaapparaopolqamarasetti/Hpel Bootcamp Projects/Backend Practice/express typescript api/src/controllers/userControllers.js">
        <metrics statements="21" coveredstatements="9" conditionals="11" coveredconditionals="8" methods="13" coveredmethods="5"/>
        <line num="2" count="1" type="cond" truecount="3" falsecount="0"/>
        <line num="3" count="0" type="cond" truecount="0" falsecount="2"/>
        <line num="4" count="1" type="cond" truecount="2" falsecount="0"/>
        <line num="5" count="0" type="stmt"/>
        <line num="6" count="0" type="stmt"/>
        <line num="7" count="1" type="cond" truecount="1" falsecount="1"/>
        <line num="8" count="1" type="cond" truecount="2" falsecount="0"/>
        <line num="11" count="1" type="stmt"/>
        <line num="13" count="0" type="stmt"/>
        <line num="14" count="0" type="stmt"/>
        <line num="18" count="0" type="stmt"/>
        <line num="19" count="0" type="stmt"/>
        <line num="20" count="0" type="stmt"/>
        <line num="21" count="0" type="stmt"/>
        <line num="24" count="0" type="stmt"/>
        <line num="29" count="1" type="stmt"/>
        <line num="30" count="1" type="stmt"/>
        <line num="31" count="1" type="stmt"/>
        <line num="32" count="0" type="stmt"/>
        <line num="35" count="0" type="stmt"/>
        <line num="39" count="1" type="stmt"/>
      </file>
    </package>
    <package name="express typescript api.src.routes.usersRoutes">
      <metrics statements="35" coveredstatements="35" conditionals="18" coveredconditionals="17" methods="14" coveredmethods="13"/>
      <file name="user.Route.js" path="/Users/nagaapparaopolqamarasetti/Hpel Bootcamp Projects/Backend Practice/express typescript api/src/routes/usersRoutes/user.Route.js">
        <metrics statements="35" coveredstatements="35" conditionals="18" coveredconditionals="17" methods="14" coveredmethods="13"/>
        <line num="2" count="1" type="cond" truecount="3" falsecount="0"/>
        <line num="3" count="6" type="cond" truecount="1" falsecount="1"/>
        <line num="4" count="7" type="cond" truecount="2" falsecount="0"/>
        <line num="5" count="3" type="stmt"/>
        <line num="6" count="3" type="stmt"/>
        <line num="7" count="13" type="cond" truecount="2" falsecount="0"/>
        <line num="8" count="7" type="cond" truecount="2" falsecount="0"/>
        <line num="11" count="1" type="stmt"/>
        <line num="12" count="1" type="stmt"/>
        <line num="14" count="1" type="stmt"/>
        <line num="15" count="1" type="stmt"/>
        <line num="16" count="2" type="stmt"/>
        <line num="18" count="2" type="stmt"/>
        <line num="19" count="2" type="stmt"/>
        <line num="20" count="1" type="stmt"/>
        <line num="23" count="1" type="stmt"/>
        <line num="26" count="2" type="stmt"/>
        <line num="27" count="2" type="stmt"/>
        <line num="28" count="2" type="stmt"/>
        <line num="29" count="1" type="stmt"/>
        <line num="32" count="1" type="stmt"/>
        <line num="33" count="1" type="stmt"/>
        <line num="36" count="3" type="stmt"/>
        <line num="38" count="3" type="stmt"/>
        <line num="39" count="3" type="stmt"/>
        <line num="41" count="3" type="stmt"/>
        <line num="42" count="3" type="cond" truecount="2" falsecount="0"/>
        <line num="43" count="2" type="stmt"/>
        <line num="45" count="1" type="stmt"/>
        <line num="47" count="3" type="cond" truecount="4" falsecount="0"/>
        <line num="48" count="1" type="stmt"/>
        <line num="50" count="2" type="stmt"/>
        <line num="51" count="1" type="stmt"/>
        <line num="54" count="1" type="stmt"/>
        <line num="57" count="1" type="stmt"/>
      </file>
    </package>
  </project>
</coverage>
