{"/Users/nagaapparaopolqamarasetti/Hpel Bootcamp Projects/Backend Practice/express typescript api/knexfile.js": {"path":"/Users/nagaapparaopolqamarasetti/Hpel Bootcamp Projects/Backend Practice/express typescript api/knexfile.js","statementMap":{"0":{"start":{"line":6,"column":13},"end":{"line":6,"column":28}},"1":{"start":{"line":7,"column":18},"end":{"line":7,"column":55}},"2":{"start":{"line":8,"column":0},"end":{"line":41,"column":2}}},"fnMap":{},"branchMap":{},"s":{"0":1,"1":1,"2":1},"f":{},"b":{},"inputSourceMap":null,"_coverageSchema":"1a1c01bbd47fc00a2c39e90264f33305004495a9","hash":"f24de0f4fa04c7616dcd26293dee6898e62ae677"}
,"/Users/nagaapparaopolqamarasetti/Hpel Bootcamp Projects/Backend Practice/express typescript api/src/index.js": {"path":"/Users/nagaapparaopolqamarasetti/Hpel Bootcamp Projects/Backend Practice/express typescript api/src/index.js","statementMap":{"0":{"start":{"line":2,"column":16},"end":{"line":10,"column":1}},"1":{"start":{"line":3,"column":28},"end":{"line":3,"column":110}},"2":{"start":{"line":3,"column":91},"end":{"line":3,"column":106}},"3":{"start":{"line":4,"column":4},"end":{"line":9,"column":7}},"4":{"start":{"line":5,"column":36},"end":{"line":5,"column":97}},"5":{"start":{"line":5,"column":42},"end":{"line":5,"column":70}},"6":{"start":{"line":5,"column":85},"end":{"line":5,"column":95}},"7":{"start":{"line":6,"column":35},"end":{"line":6,"column":100}},"8":{"start":{"line":6,"column":41},"end":{"line":6,"column":73}},"9":{"start":{"line":6,"column":88},"end":{"line":6,"column":98}},"10":{"start":{"line":7,"column":32},"end":{"line":7,"column":116}},"11":{"start":{"line":8,"column":8},"end":{"line":8,"column":78}},"12":{"start":{"line":11,"column":22},"end":{"line":13,"column":1}},"13":{"start":{"line":12,"column":4},"end":{"line":12,"column":62}},"14":{"start":{"line":14,"column":0},"end":{"line":14,"column":62}},"15":{"start":{"line":15,"column":0},"end":{"line":15,"column":21}},"16":{"start":{"line":16,"column":18},"end":{"line":16,"column":53}},"17":{"start":{"line":17,"column":21},"end":{"line":17,"column":80}},"18":{"start":{"line":18,"column":17},"end":{"line":18,"column":51}},"19":{"start":{"line":19,"column":12},"end":{"line":19,"column":36}},"20":{"start":{"line":21,"column":0},"end":{"line":21,"column":68}},"21":{"start":{"line":22,"column":0},"end":{"line":22,"column":23}},"22":{"start":{"line":23,"column":0},"end":{"line":23,"column":58}},"23":{"start":{"line":24,"column":0},"end":{"line":24,"column":34}},"24":{"start":{"line":25,"column":0},"end":{"line":25,"column":39}},"25":{"start":{"line":26,"column":0},"end":{"line":28,"column":3}},"26":{"start":{"line":27,"column":4},"end":{"line":27,"column":19}},"27":{"start":{"line":29,"column":0},"end":{"line":31,"column":4}},"28":{"start":{"line":29,"column":23},"end":{"line":31,"column":2}},"29":{"start":{"line":30,"column":4},"end":{"line":30,"column":35}},"30":{"start":{"line":32,"column":0},"end":{"line":32,"column":22}}},"fnMap":{"0":{"name":"(anonymous_0)","decl":{"start":{"line":2,"column":44},"end":{"line":2,"column":45}},"loc":{"start":{"line":2,"column":89},"end":{"line":10,"column":1}},"line":2},"1":{"name":"adopt","decl":{"start":{"line":3,"column":13},"end":{"line":3,"column":18}},"loc":{"start":{"line":3,"column":26},"end":{"line":3,"column":112}},"line":3},"2":{"name":"(anonymous_2)","decl":{"start":{"line":3,"column":70},"end":{"line":3,"column":71}},"loc":{"start":{"line":3,"column":89},"end":{"line":3,"column":108}},"line":3},"3":{"name":"(anonymous_3)","decl":{"start":{"line":4,"column":36},"end":{"line":4,"column":37}},"loc":{"start":{"line":4,"column":63},"end":{"line":9,"column":5}},"line":4},"4":{"name":"fulfilled","decl":{"start":{"line":5,"column":17},"end":{"line":5,"column":26}},"loc":{"start":{"line":5,"column":34},"end":{"line":5,"column":99}},"line":5},"5":{"name":"rejected","decl":{"start":{"line":6,"column":17},"end":{"line":6,"column":25}},"loc":{"start":{"line":6,"column":33},"end":{"line":6,"column":102}},"line":6},"6":{"name":"step","decl":{"start":{"line":7,"column":17},"end":{"line":7,"column":21}},"loc":{"start":{"line":7,"column":30},"end":{"line":7,"column":118}},"line":7},"7":{"name":"(anonymous_7)","decl":{"start":{"line":11,"column":56},"end":{"line":11,"column":57}},"loc":{"start":{"line":11,"column":71},"end":{"line":13,"column":1}},"line":11},"8":{"name":"(anonymous_8)","decl":{"start":{"line":26,"column":13},"end":{"line":26,"column":14}},"loc":{"start":{"line":26,"column":27},"end":{"line":28,"column":1}},"line":26},"9":{"name":"(anonymous_9)","decl":{"start":{"line":29,"column":17},"end":{"line":29,"column":18}},"loc":{"start":{"line":29,"column":23},"end":{"line":31,"column":2}},"line":29},"10":{"name":"(anonymous_10)","decl":{"start":{"line":29,"column":57},"end":{"line":29,"column":58}},"loc":{"start":{"line":29,"column":70},"end":{"line":31,"column":1}},"line":29}},"branchMap":{"0":{"loc":{"start":{"line":2,"column":16},"end":{"line":10,"column":1}},"type":"binary-expr","locations":[{"start":{"line":2,"column":17},"end":{"line":2,"column":21}},{"start":{"line":2,"column":25},"end":{"line":2,"column":39}},{"start":{"line":2,"column":44},"end":{"line":10,"column":1}}],"line":2},"1":{"loc":{"start":{"line":3,"column":35},"end":{"line":3,"column":109}},"type":"cond-expr","locations":[{"start":{"line":3,"column":56},"end":{"line":3,"column":61}},{"start":{"line":3,"column":64},"end":{"line":3,"column":109}}],"line":3},"2":{"loc":{"start":{"line":4,"column":16},"end":{"line":4,"column":34}},"type":"binary-expr","locations":[{"start":{"line":4,"column":16},"end":{"line":4,"column":17}},{"start":{"line":4,"column":22},"end":{"line":4,"column":33}}],"line":4},"3":{"loc":{"start":{"line":7,"column":32},"end":{"line":7,"column":115}},"type":"cond-expr","locations":[{"start":{"line":7,"column":46},"end":{"line":7,"column":67}},{"start":{"line":7,"column":70},"end":{"line":7,"column":115}}],"line":7},"4":{"loc":{"start":{"line":8,"column":51},"end":{"line":8,"column":67}},"type":"binary-expr","locations":[{"start":{"line":8,"column":51},"end":{"line":8,"column":61}},{"start":{"line":8,"column":65},"end":{"line":8,"column":67}}],"line":8},"5":{"loc":{"start":{"line":11,"column":22},"end":{"line":13,"column":1}},"type":"binary-expr","locations":[{"start":{"line":11,"column":23},"end":{"line":11,"column":27}},{"start":{"line":11,"column":31},"end":{"line":11,"column":51}},{"start":{"line":11,"column":56},"end":{"line":13,"column":1}}],"line":11},"6":{"loc":{"start":{"line":12,"column":11},"end":{"line":12,"column":61}},"type":"cond-expr","locations":[{"start":{"line":12,"column":37},"end":{"line":12,"column":40}},{"start":{"line":12,"column":43},"end":{"line":12,"column":61}}],"line":12},"7":{"loc":{"start":{"line":12,"column":12},"end":{"line":12,"column":33}},"type":"binary-expr","locations":[{"start":{"line":12,"column":12},"end":{"line":12,"column":15}},{"start":{"line":12,"column":19},"end":{"line":12,"column":33}}],"line":12}},"s":{"0":1,"1":0,"2":0,"3":1,"4":0,"5":0,"6":0,"7":0,"8":0,"9":0,"10":1,"11":1,"12":1,"13":3,"14":1,"15":1,"16":1,"17":1,"18":1,"19":1,"20":1,"21":1,"22":1,"23":1,"24":1,"25":1,"26":0,"27":1,"28":1,"29":1,"30":1},"f":{"0":1,"1":0,"2":0,"3":1,"4":0,"5":0,"6":1,"7":3,"8":0,"9":1,"10":1},"b":{"0":[1,1,1],"1":[0,0],"2":[1,1],"3":[1,0],"4":[1,1],"5":[1,1,1],"6":[1,2],"7":[3,3]},"inputSourceMap":null,"_coverageSchema":"1a1c01bbd47fc00a2c39e90264f33305004495a9","hash":"6924d10d8dbe934ebe4c1c38fc6236677842b50e"}
,"/Users/nagaapparaopolqamarasetti/Hpel Bootcamp Projects/Backend Practice/express typescript api/src/config/connection.js": {"path":"/Users/nagaapparaopolqamarasetti/Hpel Bootcamp Projects/Backend Practice/express typescript api/src/config/connection.js","statementMap":{"0":{"start":{"line":2,"column":20},"end":{"line":2,"column":57}},"1":{"start":{"line":3,"column":15},"end":{"line":3,"column":53}},"2":{"start":{"line":4,"column":0},"end":{"line":4,"column":41}}},"fnMap":{},"branchMap":{"0":{"loc":{"start":{"line":2,"column":20},"end":{"line":2,"column":57}},"type":"binary-expr","locations":[{"start":{"line":2,"column":20},"end":{"line":2,"column":40}},{"start":{"line":2,"column":44},"end":{"line":2,"column":57}}],"line":2}},"s":{"0":1,"1":1,"2":1},"f":{},"b":{"0":[1,0]},"inputSourceMap":null,"_coverageSchema":"1a1c01bbd47fc00a2c39e90264f33305004495a9","hash":"e067c50cf8059f4a29f33041c16ebbe6a5cd700c"}
,"/Users/nagaapparaopolqamarasetti/Hpel Bootcamp Projects/Backend Practice/express typescript api/src/controllers/userControllers.js": {"path":"/Users/nagaapparaopolqamarasetti/Hpel Bootcamp Projects/Backend Practice/express typescript api/src/controllers/userControllers.js","statementMap":{"0":{"start":{"line":2,"column":16},"end":{"line":10,"column":1}},"1":{"start":{"line":3,"column":28},"end":{"line":3,"column":110}},"2":{"start":{"line":3,"column":91},"end":{"line":3,"column":106}},"3":{"start":{"line":4,"column":4},"end":{"line":9,"column":7}},"4":{"start":{"line":5,"column":36},"end":{"line":5,"column":97}},"5":{"start":{"line":5,"column":42},"end":{"line":5,"column":70}},"6":{"start":{"line":5,"column":85},"end":{"line":5,"column":95}},"7":{"start":{"line":6,"column":35},"end":{"line":6,"column":100}},"8":{"start":{"line":6,"column":41},"end":{"line":6,"column":73}},"9":{"start":{"line":6,"column":88},"end":{"line":6,"column":98}},"10":{"start":{"line":7,"column":32},"end":{"line":7,"column":116}},"11":{"start":{"line":8,"column":8},"end":{"line":8,"column":78}},"12":{"start":{"line":11,"column":13},"end":{"line":11,"column":44}},"13":{"start":{"line":13,"column":4},"end":{"line":15,"column":7}},"14":{"start":{"line":14,"column":8},"end":{"line":14,"column":54}},"15":{"start":{"line":18,"column":4},"end":{"line":26,"column":7}},"16":{"start":{"line":19,"column":8},"end":{"line":25,"column":9}},"17":{"start":{"line":20,"column":12},"end":{"line":20,"column":52}},"18":{"start":{"line":21,"column":12},"end":{"line":21,"column":42}},"19":{"start":{"line":24,"column":12},"end":{"line":24,"column":44}},"20":{"start":{"line":29,"column":4},"end":{"line":37,"column":7}},"21":{"start":{"line":30,"column":8},"end":{"line":36,"column":9}},"22":{"start":{"line":31,"column":12},"end":{"line":31,"column":68}},"23":{"start":{"line":32,"column":12},"end":{"line":32,"column":33}},"24":{"start":{"line":35,"column":12},"end":{"line":35,"column":48}},"25":{"start":{"line":39,"column":0},"end":{"line":39,"column":63}}},"fnMap":{"0":{"name":"(anonymous_0)","decl":{"start":{"line":2,"column":44},"end":{"line":2,"column":45}},"loc":{"start":{"line":2,"column":89},"end":{"line":10,"column":1}},"line":2},"1":{"name":"adopt","decl":{"start":{"line":3,"column":13},"end":{"line":3,"column":18}},"loc":{"start":{"line":3,"column":26},"end":{"line":3,"column":112}},"line":3},"2":{"name":"(anonymous_2)","decl":{"start":{"line":3,"column":70},"end":{"line":3,"column":71}},"loc":{"start":{"line":3,"column":89},"end":{"line":3,"column":108}},"line":3},"3":{"name":"(anonymous_3)","decl":{"start":{"line":4,"column":36},"end":{"line":4,"column":37}},"loc":{"start":{"line":4,"column":63},"end":{"line":9,"column":5}},"line":4},"4":{"name":"fulfilled","decl":{"start":{"line":5,"column":17},"end":{"line":5,"column":26}},"loc":{"start":{"line":5,"column":34},"end":{"line":5,"column":99}},"line":5},"5":{"name":"rejected","decl":{"start":{"line":6,"column":17},"end":{"line":6,"column":25}},"loc":{"start":{"line":6,"column":33},"end":{"line":6,"column":102}},"line":6},"6":{"name":"step","decl":{"start":{"line":7,"column":17},"end":{"line":7,"column":21}},"loc":{"start":{"line":7,"column":30},"end":{"line":7,"column":118}},"line":7},"7":{"name":"getAllusers","decl":{"start":{"line":12,"column":9},"end":{"line":12,"column":20}},"loc":{"start":{"line":12,"column":32},"end":{"line":16,"column":1}},"line":12},"8":{"name":"(anonymous_8)","decl":{"start":{"line":13,"column":43},"end":{"line":13,"column":44}},"loc":{"start":{"line":13,"column":56},"end":{"line":15,"column":5}},"line":13},"9":{"name":"postUsers","decl":{"start":{"line":17,"column":9},"end":{"line":17,"column":18}},"loc":{"start":{"line":17,"column":36},"end":{"line":27,"column":1}},"line":17},"10":{"name":"(anonymous_10)","decl":{"start":{"line":18,"column":43},"end":{"line":18,"column":44}},"loc":{"start":{"line":18,"column":56},"end":{"line":26,"column":5}},"line":18},"11":{"name":"getSingleUserById","decl":{"start":{"line":28,"column":9},"end":{"line":28,"column":26}},"loc":{"start":{"line":28,"column":42},"end":{"line":38,"column":1}},"line":28},"12":{"name":"(anonymous_12)","decl":{"start":{"line":29,"column":43},"end":{"line":29,"column":44}},"loc":{"start":{"line":29,"column":56},"end":{"line":37,"column":5}},"line":29}},"branchMap":{"0":{"loc":{"start":{"line":2,"column":16},"end":{"line":10,"column":1}},"type":"binary-expr","locations":[{"start":{"line":2,"column":17},"end":{"line":2,"column":21}},{"start":{"line":2,"column":25},"end":{"line":2,"column":39}},{"start":{"line":2,"column":44},"end":{"line":10,"column":1}}],"line":2},"1":{"loc":{"start":{"line":3,"column":35},"end":{"line":3,"column":109}},"type":"cond-expr","locations":[{"start":{"line":3,"column":56},"end":{"line":3,"column":61}},{"start":{"line":3,"column":64},"end":{"line":3,"column":109}}],"line":3},"2":{"loc":{"start":{"line":4,"column":16},"end":{"line":4,"column":34}},"type":"binary-expr","locations":[{"start":{"line":4,"column":16},"end":{"line":4,"column":17}},{"start":{"line":4,"column":22},"end":{"line":4,"column":33}}],"line":4},"3":{"loc":{"start":{"line":7,"column":32},"end":{"line":7,"column":115}},"type":"cond-expr","locations":[{"start":{"line":7,"column":46},"end":{"line":7,"column":67}},{"start":{"line":7,"column":70},"end":{"line":7,"column":115}}],"line":7},"4":{"loc":{"start":{"line":8,"column":51},"end":{"line":8,"column":67}},"type":"binary-expr","locations":[{"start":{"line":8,"column":51},"end":{"line":8,"column":61}},{"start":{"line":8,"column":65},"end":{"line":8,"column":67}}],"line":8}},"s":{"0":1,"1":0,"2":0,"3":1,"4":0,"5":0,"6":0,"7":0,"8":0,"9":0,"10":1,"11":1,"12":1,"13":0,"14":0,"15":0,"16":0,"17":0,"18":0,"19":0,"20":1,"21":1,"22":1,"23":0,"24":0,"25":1},"f":{"0":1,"1":0,"2":0,"3":1,"4":0,"5":0,"6":1,"7":0,"8":0,"9":0,"10":0,"11":1,"12":1},"b":{"0":[1,1,1],"1":[0,0],"2":[1,1],"3":[1,0],"4":[1,1]},"inputSourceMap":null,"_coverageSchema":"1a1c01bbd47fc00a2c39e90264f33305004495a9","hash":"6b308acf1068ae2c6b26a030270f85ad4354f6d8"}
,"/Users/nagaapparaopolqamarasetti/Hpel Bootcamp Projects/Backend Practice/express typescript api/src/routes/usersRoutes/user.Route.js": {"path":"/Users/nagaapparaopolqamarasetti/Hpel Bootcamp Projects/Backend Practice/express typescript api/src/routes/usersRoutes/user.Route.js","statementMap":{"0":{"start":{"line":2,"column":16},"end":{"line":10,"column":1}},"1":{"start":{"line":3,"column":28},"end":{"line":3,"column":110}},"2":{"start":{"line":3,"column":91},"end":{"line":3,"column":106}},"3":{"start":{"line":4,"column":4},"end":{"line":9,"column":7}},"4":{"start":{"line":5,"column":36},"end":{"line":5,"column":97}},"5":{"start":{"line":5,"column":42},"end":{"line":5,"column":70}},"6":{"start":{"line":5,"column":85},"end":{"line":5,"column":95}},"7":{"start":{"line":6,"column":35},"end":{"line":6,"column":100}},"8":{"start":{"line":6,"column":41},"end":{"line":6,"column":73}},"9":{"start":{"line":6,"column":88},"end":{"line":6,"column":98}},"10":{"start":{"line":7,"column":32},"end":{"line":7,"column":116}},"11":{"start":{"line":8,"column":8},"end":{"line":8,"column":78}},"12":{"start":{"line":11,"column":0},"end":{"line":11,"column":62}},"13":{"start":{"line":12,"column":18},"end":{"line":12,"column":36}},"14":{"start":{"line":14,"column":23},"end":{"line":14,"column":67}},"15":{"start":{"line":15,"column":14},"end":{"line":15,"column":37}},"16":{"start":{"line":16,"column":0},"end":{"line":25,"column":4}},"17":{"start":{"line":16,"column":29},"end":{"line":25,"column":2}},"18":{"start":{"line":18,"column":4},"end":{"line":24,"column":5}},"19":{"start":{"line":19,"column":21},"end":{"line":19,"column":62}},"20":{"start":{"line":20,"column":8},"end":{"line":20,"column":45}},"21":{"start":{"line":23,"column":8},"end":{"line":23,"column":62}},"22":{"start":{"line":26,"column":0},"end":{"line":35,"column":4}},"23":{"start":{"line":26,"column":32},"end":{"line":35,"column":2}},"24":{"start":{"line":27,"column":4},"end":{"line":34,"column":5}},"25":{"start":{"line":28,"column":21},"end":{"line":28,"column":83}},"26":{"start":{"line":29,"column":8},"end":{"line":29,"column":39}},"27":{"start":{"line":32,"column":8},"end":{"line":32,"column":32}},"28":{"start":{"line":33,"column":8},"end":{"line":33,"column":62}},"29":{"start":{"line":36,"column":0},"end":{"line":56,"column":4}},"30":{"start":{"line":36,"column":30},"end":{"line":56,"column":2}},"31":{"start":{"line":38,"column":26},"end":{"line":38,"column":34}},"32":{"start":{"line":39,"column":4},"end":{"line":55,"column":5}},"33":{"start":{"line":41,"column":26},"end":{"line":41,"column":39}},"34":{"start":{"line":42,"column":12},"end":{"line":44,"column":13}},"35":{"start":{"line":43,"column":16},"end":{"line":43,"column":28}},"36":{"start":{"line":45,"column":12},"end":{"line":45,"column":25}},"37":{"start":{"line":47,"column":8},"end":{"line":49,"column":9}},"38":{"start":{"line":48,"column":12},"end":{"line":48,"column":81}},"39":{"start":{"line":50,"column":21},"end":{"line":50,"column":75}},"40":{"start":{"line":51,"column":8},"end":{"line":51,"column":35}},"41":{"start":{"line":54,"column":8},"end":{"line":54,"column":34}},"42":{"start":{"line":57,"column":0},"end":{"line":57,"column":24}}},"fnMap":{"0":{"name":"(anonymous_0)","decl":{"start":{"line":2,"column":44},"end":{"line":2,"column":45}},"loc":{"start":{"line":2,"column":89},"end":{"line":10,"column":1}},"line":2},"1":{"name":"adopt","decl":{"start":{"line":3,"column":13},"end":{"line":3,"column":18}},"loc":{"start":{"line":3,"column":26},"end":{"line":3,"column":112}},"line":3},"2":{"name":"(anonymous_2)","decl":{"start":{"line":3,"column":70},"end":{"line":3,"column":71}},"loc":{"start":{"line":3,"column":89},"end":{"line":3,"column":108}},"line":3},"3":{"name":"(anonymous_3)","decl":{"start":{"line":4,"column":36},"end":{"line":4,"column":37}},"loc":{"start":{"line":4,"column":63},"end":{"line":9,"column":5}},"line":4},"4":{"name":"fulfilled","decl":{"start":{"line":5,"column":17},"end":{"line":5,"column":26}},"loc":{"start":{"line":5,"column":34},"end":{"line":5,"column":99}},"line":5},"5":{"name":"rejected","decl":{"start":{"line":6,"column":17},"end":{"line":6,"column":25}},"loc":{"start":{"line":6,"column":33},"end":{"line":6,"column":102}},"line":6},"6":{"name":"step","decl":{"start":{"line":7,"column":17},"end":{"line":7,"column":21}},"loc":{"start":{"line":7,"column":30},"end":{"line":7,"column":118}},"line":7},"7":{"name":"(anonymous_7)","decl":{"start":{"line":16,"column":15},"end":{"line":16,"column":16}},"loc":{"start":{"line":16,"column":29},"end":{"line":25,"column":2}},"line":16},"8":{"name":"(anonymous_8)","decl":{"start":{"line":16,"column":63},"end":{"line":16,"column":64}},"loc":{"start":{"line":16,"column":76},"end":{"line":25,"column":1}},"line":16},"9":{"name":"(anonymous_9)","decl":{"start":{"line":26,"column":18},"end":{"line":26,"column":19}},"loc":{"start":{"line":26,"column":32},"end":{"line":35,"column":2}},"line":26},"10":{"name":"(anonymous_10)","decl":{"start":{"line":26,"column":66},"end":{"line":26,"column":67}},"loc":{"start":{"line":26,"column":79},"end":{"line":35,"column":1}},"line":26},"11":{"name":"(anonymous_11)","decl":{"start":{"line":36,"column":16},"end":{"line":36,"column":17}},"loc":{"start":{"line":36,"column":30},"end":{"line":56,"column":2}},"line":36},"12":{"name":"(anonymous_12)","decl":{"start":{"line":36,"column":64},"end":{"line":36,"column":65}},"loc":{"start":{"line":36,"column":77},"end":{"line":56,"column":1}},"line":36},"13":{"name":"allLetters","decl":{"start":{"line":40,"column":17},"end":{"line":40,"column":27}},"loc":{"start":{"line":40,"column":39},"end":{"line":46,"column":9}},"line":40}},"branchMap":{"0":{"loc":{"start":{"line":2,"column":16},"end":{"line":10,"column":1}},"type":"binary-expr","locations":[{"start":{"line":2,"column":17},"end":{"line":2,"column":21}},{"start":{"line":2,"column":25},"end":{"line":2,"column":39}},{"start":{"line":2,"column":44},"end":{"line":10,"column":1}}],"line":2},"1":{"loc":{"start":{"line":3,"column":35},"end":{"line":3,"column":109}},"type":"cond-expr","locations":[{"start":{"line":3,"column":56},"end":{"line":3,"column":61}},{"start":{"line":3,"column":64},"end":{"line":3,"column":109}}],"line":3},"2":{"loc":{"start":{"line":4,"column":16},"end":{"line":4,"column":34}},"type":"binary-expr","locations":[{"start":{"line":4,"column":16},"end":{"line":4,"column":17}},{"start":{"line":4,"column":22},"end":{"line":4,"column":33}}],"line":4},"3":{"loc":{"start":{"line":7,"column":32},"end":{"line":7,"column":115}},"type":"cond-expr","locations":[{"start":{"line":7,"column":46},"end":{"line":7,"column":67}},{"start":{"line":7,"column":70},"end":{"line":7,"column":115}}],"line":7},"4":{"loc":{"start":{"line":8,"column":51},"end":{"line":8,"column":67}},"type":"binary-expr","locations":[{"start":{"line":8,"column":51},"end":{"line":8,"column":61}},{"start":{"line":8,"column":65},"end":{"line":8,"column":67}}],"line":8},"5":{"loc":{"start":{"line":40,"column":28},"end":{"line":40,"column":37}},"type":"default-arg","locations":[{"start":{"line":40,"column":35},"end":{"line":40,"column":37}}],"line":40},"6":{"loc":{"start":{"line":42,"column":12},"end":{"line":44,"column":13}},"type":"if","locations":[{"start":{"line":42,"column":12},"end":{"line":44,"column":13}},{"start":{},"end":{}}],"line":42},"7":{"loc":{"start":{"line":47,"column":8},"end":{"line":49,"column":9}},"type":"if","locations":[{"start":{"line":47,"column":8},"end":{"line":49,"column":9}},{"start":{},"end":{}}],"line":47},"8":{"loc":{"start":{"line":47,"column":12},"end":{"line":47,"column":37}},"type":"binary-expr","locations":[{"start":{"line":47,"column":12},"end":{"line":47,"column":29}},{"start":{"line":47,"column":33},"end":{"line":47,"column":37}}],"line":47}},"s":{"0":1,"1":6,"2":0,"3":7,"4":3,"5":3,"6":0,"7":3,"8":3,"9":0,"10":13,"11":7,"12":1,"13":1,"14":1,"15":1,"16":1,"17":2,"18":2,"19":2,"20":1,"21":1,"22":1,"23":2,"24":2,"25":2,"26":1,"27":1,"28":1,"29":1,"30":3,"31":3,"32":3,"33":3,"34":3,"35":2,"36":1,"37":3,"38":1,"39":2,"40":1,"41":1,"42":1},"f":{"0":7,"1":6,"2":0,"3":7,"4":3,"5":3,"6":13,"7":2,"8":2,"9":2,"10":2,"11":3,"12":3,"13":3},"b":{"0":[1,1,1],"1":[6,0],"2":[7,7],"3":[7,6],"4":[7,7],"5":[1],"6":[2,1],"7":[1,2],"8":[3,2]},"inputSourceMap":null,"_coverageSchema":"1a1c01bbd47fc00a2c39e90264f33305004495a9","hash":"6ad06f4c753da6627d1b6d9c8e70ab156bba2c9e"}
}
