TN:
SF:knexfile.js
FNF:0
FNH:0
DA:6,1
DA:7,1
DA:8,1
LF:3
LH:3
BRF:0
BRH:0
end_of_record
TN:
SF:src/index.js
FN:2,(anonymous_0)
FN:3,adopt
FN:3,(anonymous_2)
FN:4,(anonymous_3)
FN:5,fulfilled
FN:6,rejected
FN:7,step
FN:11,(anonymous_7)
FN:26,(anonymous_8)
FN:29,(anonymous_9)
FN:29,(anonymous_10)
FNF:11
FNH:6
FNDA:1,(anonymous_0)
FNDA:0,adopt
FNDA:0,(anonymous_2)
FNDA:1,(anonymous_3)
FNDA:0,fulfilled
FNDA:0,rejected
FNDA:1,step
FNDA:3,(anonymous_7)
FNDA:0,(anonymous_8)
FNDA:1,(anonymous_9)
FNDA:1,(anonymous_10)
DA:2,1
DA:3,0
DA:4,1
DA:5,0
DA:6,0
DA:7,1
DA:8,1
DA:11,1
DA:12,3
DA:14,1
DA:15,1
DA:16,1
DA:17,1
DA:18,1
DA:19,1
DA:21,1
DA:22,1
DA:23,1
DA:24,1
DA:25,1
DA:26,1
DA:27,0
DA:29,1
DA:30,1
DA:32,1
LF:25
LH:21
BRDA:2,0,0,1
BRDA:2,0,1,1
BRDA:2,0,2,1
BRDA:3,1,0,0
BRDA:3,1,1,0
BRDA:4,2,0,1
BRDA:4,2,1,1
BRDA:7,3,0,1
BRDA:7,3,1,0
BRDA:8,4,0,1
BRDA:8,4,1,1
BRDA:11,5,0,1
BRDA:11,5,1,1
BRDA:11,5,2,1
BRDA:12,6,0,1
BRDA:12,6,1,2
BRDA:12,7,0,3
BRDA:12,7,1,3
BRF:18
BRH:15
end_of_record
TN:
SF:src/config/connection.js
FNF:0
FNH:0
DA:2,1
DA:3,1
DA:4,1
LF:3
LH:3
BRDA:2,0,0,1
BRDA:2,0,1,0
BRF:2
BRH:1
end_of_record
TN:
SF:src/controllers/userControllers.js
FN:2,(anonymous_0)
FN:3,adopt
FN:3,(anonymous_2)
FN:4,(anonymous_3)
FN:5,fulfilled
FN:6,rejected
FN:7,step
FN:12,getAllusers
FN:13,(anonymous_8)
FN:17,postUsers
FN:18,(anonymous_10)
FN:28,getSingleUserById
FN:29,(anonymous_12)
FNF:13
FNH:5
FNDA:1,(anonymous_0)
FNDA:0,adopt
FNDA:0,(anonymous_2)
FNDA:1,(anonymous_3)
FNDA:0,fulfilled
FNDA:0,rejected
FNDA:1,step
FNDA:0,getAllusers
FNDA:0,(anonymous_8)
FNDA:0,postUsers
FNDA:0,(anonymous_10)
FNDA:1,getSingleUserById
FNDA:1,(anonymous_12)
DA:2,1
DA:3,0
DA:4,1
DA:5,0
DA:6,0
DA:7,1
DA:8,1
DA:11,1
DA:13,0
DA:14,0
DA:18,0
DA:19,0
DA:20,0
DA:21,0
DA:24,0
DA:29,1
DA:30,1
DA:31,1
DA:32,0
DA:35,0
DA:39,1
LF:21
LH:9
BRDA:2,0,0,1
BRDA:2,0,1,1
BRDA:2,0,2,1
BRDA:3,1,0,0
BRDA:3,1,1,0
BRDA:4,2,0,1
BRDA:4,2,1,1
BRDA:7,3,0,1
BRDA:7,3,1,0
BRDA:8,4,0,1
BRDA:8,4,1,1
BRF:11
BRH:8
end_of_record
TN:
SF:src/routes/usersRoutes/user.Route.js
FN:2,(anonymous_0)
FN:3,adopt
FN:3,(anonymous_2)
FN:4,(anonymous_3)
FN:5,fulfilled
FN:6,rejected
FN:7,step
FN:16,(anonymous_7)
FN:16,(anonymous_8)
FN:26,(anonymous_9)
FN:26,(anonymous_10)
FN:36,(anonymous_11)
FN:36,(anonymous_12)
FN:40,allLetters
FNF:14
FNH:13
FNDA:7,(anonymous_0)
FNDA:6,adopt
FNDA:0,(anonymous_2)
FNDA:7,(anonymous_3)
FNDA:3,fulfilled
FNDA:3,rejected
FNDA:13,step
FNDA:2,(anonymous_7)
FNDA:2,(anonymous_8)
FNDA:2,(anonymous_9)
FNDA:2,(anonymous_10)
FNDA:3,(anonymous_11)
FNDA:3,(anonymous_12)
FNDA:3,allLetters
DA:2,1
DA:3,6
DA:4,7
DA:5,3
DA:6,3
DA:7,13
DA:8,7
DA:11,1
DA:12,1
DA:14,1
DA:15,1
DA:16,2
DA:18,2
DA:19,2
DA:20,1
DA:23,1
DA:26,2
DA:27,2
DA:28,2
DA:29,1
DA:32,1
DA:33,1
DA:36,3
DA:38,3
DA:39,3
DA:41,3
DA:42,3
DA:43,2
DA:45,1
DA:47,3
DA:48,1
DA:50,2
DA:51,1
DA:54,1
DA:57,1
LF:35
LH:35
BRDA:2,0,0,1
BRDA:2,0,1,1
BRDA:2,0,2,1
BRDA:3,1,0,6
BRDA:3,1,1,0
BRDA:4,2,0,7
BRDA:4,2,1,7
BRDA:7,3,0,7
BRDA:7,3,1,6
BRDA:8,4,0,7
BRDA:8,4,1,7
BRDA:40,5,0,1
BRDA:42,6,0,2
BRDA:42,6,1,1
BRDA:47,7,0,1
BRDA:47,7,1,2
BRDA:47,8,0,3
BRDA:47,8,1,2
BRF:18
BRH:17
end_of_record
